<?xml version="1.0" encoding="UTF-8"?>
<testsuite xmlns:xsi="http://www.w3.org/2001/XMLSchema-instance" xsi:noNamespaceSchemaLocation="https://maven.apache.org/surefire/maven-surefire-plugin/xsd/surefire-test-report.xsd" name="com.bjpowernode.TestHelloMaven" time="0.065" tests="3" errors="0" skipped="0" failures="0">
  <properties>
    <property name="sun.desktop" value="windows"/>
    <property name="awt.toolkit" value="sun.awt.windows.WToolkit"/>
    <property name="file.encoding.pkg" value="sun.io"/>
    <property name="java.specification.version" value="1.8"/>
    <property name="sun.cpu.isalist" value="pentium_pro+mmx pentium_pro pentium+mmx pentium i486 i386 i86"/>
    <property name="sun.jnu.encoding" value="GBK"/>
    <property name="java.class.path" value="G:\CODE\github\processing\shopping\vorher-material\ch01-javase-maven\target\test-classes;G:\CODE\github\processing\shopping\vorher-material\ch01-javase-maven\target\classes;C:\Users\Carol\.m2\repository\junit\junit\4.11\junit-4.11.jar;C:\Users\Carol\.m2\repository\org\hamcrest\hamcrest-core\1.3\hamcrest-core-1.3.jar;"/>
    <property name="java.vm.vendor" value="Oracle Corporation"/>
    <property name="sun.arch.data.model" value="32"/>
    <property name="user.variant" value=""/>
    <property name="java.vendor.url" value="http://java.oracle.com/"/>
    <property name="user.timezone" value="Europe/Berlin"/>
    <property name="java.vm.specification.version" value="1.8"/>
    <property name="os.name" value="Windows 10"/>
    <property name="user.country" value="CN"/>
    <property name="sun.java.launcher" value="SUN_STANDARD"/>
    <property name="sun.boot.library.path" value="G:\Application\java\jre\bin"/>
    <property name="sun.java.command" value="C:\Users\Carol\AppData\Local\Temp\surefire5737651503599645635\surefirebooter3962826764438196568.jar C:\Users\Carol\AppData\Local\Temp\surefire5737651503599645635 2020-10-09T05-43-30_929-jvmRun1 surefire5848727437701151903tmp surefire_01088511298762934543tmp"/>
    <property name="surefire.test.class.path" value="G:\CODE\github\processing\shopping\vorher-material\ch01-javase-maven\target\test-classes;G:\CODE\github\processing\shopping\vorher-material\ch01-javase-maven\target\classes;C:\Users\Carol\.m2\repository\junit\junit\4.11\junit-4.11.jar;C:\Users\Carol\.m2\repository\org\hamcrest\hamcrest-core\1.3\hamcrest-core-1.3.jar;"/>
    <property name="sun.cpu.endian" value="little"/>
    <property name="user.home" value="C:\Users\Carol"/>
    <property name="user.language" value="zh"/>
    <property name="java.specification.vendor" value="Oracle Corporation"/>
    <property name="java.home" value="G:\Application\java\jre"/>
    <property name="basedir" value="G:\CODE\github\processing\shopping\vorher-material\ch01-javase-maven"/>
    <property name="file.separator" value="\"/>
    <property name="line.separator" value="&#10;"/>
    <property name="java.vm.specification.vendor" value="Oracle Corporation"/>
    <property name="java.specification.name" value="Java Platform API Specification"/>
    <property name="java.awt.graphicsenv" value="sun.awt.Win32GraphicsEnvironment"/>
    <property name="surefire.real.class.path" value="C:\Users\Carol\AppData\Local\Temp\surefire5737651503599645635\surefirebooter3962826764438196568.jar"/>
    <property name="sun.boot.class.path" value="G:\Application\java\jre\lib\resources.jar;G:\Application\java\jre\lib\rt.jar;G:\Application\java\jre\lib\sunrsasign.jar;G:\Application\java\jre\lib\jsse.jar;G:\Application\java\jre\lib\jce.jar;G:\Application\java\jre\lib\charsets.jar;G:\Application\java\jre\lib\jfr.jar;G:\Application\java\jre\classes"/>
    <property name="user.script" value=""/>
    <property name="sun.management.compiler" value="HotSpot Client Compiler"/>
    <property name="java.runtime.version" value="1.8.0_261-b12"/>
    <property name="user.name" value="Carol"/>
    <property name="path.separator" value=";"/>
    <property name="os.version" value="10.0"/>
    <property name="java.endorsed.dirs" value="G:\Application\java\jre\lib\endorsed"/>
    <property name="java.runtime.name" value="Java(TM) SE Runtime Environment"/>
    <property name="file.encoding" value="GBK"/>
    <property name="java.vm.name" value="Java HotSpot(TM) Client VM"/>
    <property name="localRepository" value="C:\Users\Carol\.m2\repository"/>
    <property name="java.vendor.url.bug" value="http://bugreport.sun.com/bugreport/"/>
    <property name="java.io.tmpdir" value="C:\Users\Carol\AppData\Local\Temp\"/>
    <property name="idea.version" value="2020.2.3"/>
    <property name="java.version" value="1.8.0_261"/>
    <property name="user.dir" value="G:\CODE\github\processing\shopping\vorher-material\ch01-javase-maven"/>
    <property name="os.arch" value="x86"/>
    <property name="java.vm.specification.name" value="Java Virtual Machine Specification"/>
    <property name="java.awt.printerjob" value="sun.awt.windows.WPrinterJob"/>
    <property name="sun.os.patch.level" value=""/>
    <property name="java.library.path" value="G:\Application\java\jre\bin;C:\Windows\Sun\Java\bin;C:\Windows\system32;C:\Windows;C:\Program Files (x86)\Common Files\Oracle\Java\javapath;C:\Windows\system32;C:\Windows;C:\Windows\System32\Wbem;C:\Windows\System32\WindowsPowerShell\v1.0\;C:\Windows\System32\OpenSSH\;C:\Users\Carol\AppData\Local\Programs\Python\Python38-32\;C:\Program Files\dotnet\;C:\Users\Carol\AppData\Local\Programs\Python\Python38-32\Scripts;G:\Application\wamp\bin\php\php5.5.12;C:\Program Files\MySQL\MySQL Server 8.0\bin;G:\Application\Nodejs\;G:\Application\Git\cmd;C:\Program Files\Redis\;G:\Application\Dart\dart-sdk\bin;G:\Application\ffmpeg\bin;G:\Application\Vagrant\bin;G:\Application\apache-maven-3.6.3\bin;C:\Program Files\MySQL\MySQL Shell 8.0\bin\;&apos;C:\Users\Carol\AppData\Local\Programs\Python\Python38-32\;G:\Application\texlive\2020\bin\win32;G:\Application\Microsoft VS Code\bin;C:\Users\Carol\AppData\Roaming\npm;G:\Application\MongoDB\bin;G:\Application\src\flutter\bin;G:\Application\Dart\dart-sdk\bin;G:\Application\java\bin;G:\Application\java\jre\bin;G:\Application\AndroidStudioSdk\flutter\bin;G:\Application\Git\usr\local;G:\Application\heroku\bin;G:\Application\ffmpeg\bin;;G:\Application\IntelliJ IDEA Community Edition 2020.2.3\bin;;."/>
    <property name="java.vm.info" value="mixed mode"/>
    <property name="java.vendor" value="Oracle Corporation"/>
    <property name="java.vm.version" value="25.261-b12"/>
    <property name="java.ext.dirs" value="G:\Application\java\jre\lib\ext;C:\Windows\Sun\Java\lib\ext"/>
    <property name="sun.io.unicode.encoding" value="UnicodeLittle"/>
    <property name="java.class.version" value="52.0"/>
  </properties>
  <testcase name="testAdd" classname="com.bjpowernode.TestHelloMaven" time="0.003"/>
  <testcase name="testAdd2" classname="com.bjpowernode.TestHelloMaven" time="0.001"/>
  <testcase name="testAdd3" classname="com.bjpowernode.TestHelloMaven" time="0"/>
</testsuite>