<?xml version="1.0" encoding="UTF-8" ?>
<testsuite tests="3" failures="0" name="com.bjpowernode.TestHelloMaven" time="0.005" errors="0" skipped="0">
  <properties>
    <property name="java.runtime.name" value="Java(TM) SE Runtime Environment"/>
    <property name="sun.boot.library.path" value="G:\Application\java\jre\bin"/>
    <property name="java.vm.version" value="25.261-b12"/>
    <property name="java.vm.vendor" value="Oracle Corporation"/>
    <property name="maven.multiModuleProjectDirectory" value="G:/CODE/github/processing/shopping/vorher-material/maven/hello"/>
    <property name="java.vendor.url" value="http://java.oracle.com/"/>
    <property name="path.separator" value=";"/>
    <property name="guice.disable.misplaced.annotation.check" value="true"/>
    <property name="java.vm.name" value="Java HotSpot(TM) Client VM"/>
    <property name="file.encoding.pkg" value="sun.io"/>
    <property name="user.script" value=""/>
    <property name="user.country" value="CN"/>
    <property name="sun.java.launcher" value="SUN_STANDARD"/>
    <property name="sun.os.patch.level" value=""/>
    <property name="java.vm.specification.name" value="Java Virtual Machine Specification"/>
    <property name="user.dir" value="G:\CODE\github\processing\shopping\vorher-material\maven\hello"/>
    <property name="java.runtime.version" value="1.8.0_261-b12"/>
    <property name="java.awt.graphicsenv" value="sun.awt.Win32GraphicsEnvironment"/>
    <property name="java.endorsed.dirs" value="G:\Application\java\jre\lib\endorsed"/>
    <property name="os.arch" value="x86"/>
    <property name="java.io.tmpdir" value="C:\Users\Carol\AppData\Local\Temp\"/>
    <property name="line.separator" value="
"/>
    <property name="java.vm.specification.vendor" value="Oracle Corporation"/>
    <property name="user.variant" value=""/>
    <property name="os.name" value="Windows 10"/>
    <property name="classworlds.conf" value="G:/Application/apache-maven-3.6.3/bin/m2.conf"/>
    <property name="sun.jnu.encoding" value="GBK"/>
    <property name="java.library.path" value="G:\Application\java\bin;C:\Windows\Sun\Java\bin;C:\Windows\system32;C:\Windows;C:\Users\Carol\bin;G:\Application\Git\mingw64\bin;G:\Application\Git\usr\local\bin;G:\Application\Git\usr\bin;G:\Application\Git\usr\bin;G:\Application\Git\mingw64\bin;G:\Application\Git\usr\bin;C:\Users\Carol\bin;C:\Program Files (x86)\Common Files\Oracle\Java\javapath;C:\Windows\system32;C:\Windows;C:\Windows\System32\Wbem;C:\Windows\System32\WindowsPowerShell\v1.0;C:\Windows\System32\OpenSSH;C:\Users\Carol\AppData\Local\Programs\Python\Python38-32;C:\Program Files\dotnet;C:\Users\Carol\AppData\Local\Programs\Python\Python38-32\Scripts;G:\Application\wamp\bin\php\php5.5.12;C:\Program Files\MySQL\MySQL Server 8.0\bin;G:\Application\Nodejs;G:\Application\Git\cmd;C:\Program Files\Redis;G:\Application\Dart\dart-sdk\bin;G:\Application\ffmpeg\bin;G:\Application\Vagrant\bin;G:\Application\apache-maven-3.6.3\bin;C:\Program Files\MySQL\MySQL Shell 8.0\bin;&apos;C;G:\Application\Git\Users\Carol\AppData\Local\Programs\Python\Python38-32;G:\Application\texlive\2020\bin\win32;G:\Application\Microsoft VS Code\bin;C:\Users\Carol\AppData\Roaming\npm;G:\Application\MongoDB\bin;G:\Application\src\flutter\bin;G:\Application\java\bin;G:\Application\java\jre\bin;G:\Application\AndroidStudioSdk\flutter\bin;G:\Application\Git\usr\local;G:\Application\heroku\bin;G:\Application\IntelliJ IDEA Community Edition 2020.2.3\bin;G:\Application\Git\usr\bin\vendor_perl;G:\Application\Git\usr\bin\core_perl;."/>
    <property name="maven.conf" value="G:/Application/apache-maven-3.6.3/conf"/>
    <property name="java.specification.name" value="Java Platform API Specification"/>
    <property name="java.class.version" value="52.0"/>
    <property name="sun.management.compiler" value="HotSpot Client Compiler"/>
    <property name="os.version" value="10.0"/>
    <property name="library.jansi.path" value="G:/Application/apache-maven-3.6.3/lib/jansi-native"/>
    <property name="user.home" value="C:\Users\Carol"/>
    <property name="user.timezone" value="Europe/Berlin"/>
    <property name="java.awt.printerjob" value="sun.awt.windows.WPrinterJob"/>
    <property name="java.specification.version" value="1.8"/>
    <property name="file.encoding" value="GBK"/>
    <property name="user.name" value="Carol"/>
    <property name="java.class.path" value="G:/Application/apache-maven-3.6.3/boot/plexus-classworlds-2.6.0.jar"/>
    <property name="java.vm.specification.version" value="1.8"/>
    <property name="sun.arch.data.model" value="32"/>
    <property name="java.home" value="G:\Application\java\jre"/>
    <property name="sun.java.command" value="org.codehaus.plexus.classworlds.launcher.Launcher install"/>
    <property name="java.specification.vendor" value="Oracle Corporation"/>
    <property name="user.language" value="zh"/>
    <property name="awt.toolkit" value="sun.awt.windows.WToolkit"/>
    <property name="java.vm.info" value="mixed mode"/>
    <property name="java.version" value="1.8.0_261"/>
    <property name="java.ext.dirs" value="G:\Application\java\jre\lib\ext;C:\Windows\Sun\Java\lib\ext"/>
    <property name="sun.boot.class.path" value="G:\Application\java\jre\lib\resources.jar;G:\Application\java\jre\lib\rt.jar;G:\Application\java\jre\lib\sunrsasign.jar;G:\Application\java\jre\lib\jsse.jar;G:\Application\java\jre\lib\jce.jar;G:\Application\java\jre\lib\charsets.jar;G:\Application\java\jre\lib\jfr.jar;G:\Application\java\jre\classes"/>
    <property name="java.vendor" value="Oracle Corporation"/>
    <property name="maven.home" value="G:\Application\apache-maven-3.6.3"/>
    <property name="file.separator" value="\"/>
    <property name="java.vendor.url.bug" value="http://bugreport.sun.com/bugreport/"/>
    <property name="sun.cpu.endian" value="little"/>
    <property name="sun.io.unicode.encoding" value="UnicodeLittle"/>
    <property name="sun.desktop" value="windows"/>
    <property name="sun.cpu.isalist" value="pentium_pro+mmx pentium_pro pentium+mmx pentium i486 i386 i86"/>
  </properties>
  <testcase classname="com.bjpowernode.TestHelloMaven" name="testAdd" time="0.005"/>
  <testcase classname="com.bjpowernode.TestHelloMaven" name="testAdd2" time="0"/>
  <testcase classname="com.bjpowernode.TestHelloMaven" name="testAdd3" time="0"/>
</testsuite>